<?xml version="1.0" encoding="UTF-8"?>
<testsuite xmlns:xsi="http://www.w3.org/2001/XMLSchema-instance" xsi:noNamespaceSchemaLocation="https://maven.apache.org/surefire/maven-surefire-plugin/xsd/surefire-test-report-3.0.xsd" version="3.0" name="edu.eci.arsw.blueprints.test.persistence.impl.InMemoryPersistenceTest" time="0.008" tests="5" errors="0" skipped="0" failures="0">
  <properties>
[...]
</properties>
  <testcase name="getBlueprintByNameTest" classname="edu.eci.arsw.blueprints.test.persistence.impl.InMemoryPersistenceTest" time="0.0"/>
  <testcase name="saveExistingBpTest" classname="edu.eci.arsw.blueprints.test.persistence.impl.InMemoryPersistenceTest" time="0.0"/>
  <testcase name="saveNewAndLoadTest" classname="edu.eci.arsw.blueprints.test.persistence.impl.InMemoryPersistenceTest" time="0.0"/>
  <testcase name="getBlueprintTest" classname="edu.eci.arsw.blueprints.test.persistence.impl.InMemoryPersistenceTest" time="0.0"/>
  <testcase name="getBlueprintByAuthorTest" classname="edu.eci.arsw.blueprints.test.persistence.impl.InMemoryPersistenceTest" time="0.0"/>
</testsuite>